[2026-04-11T13:46:23.864Z] GET http://localhost:6100/ → 200 (12ms, 46204B)
[2026-04-11T13:46:23.885Z] GET https://fonts.googleapis.com/css2?family=Zen+Old+Mincho:wght@400;700&display=swap → pending (?ms, ?B)
[2026-04-11T13:46:23.885Z] GET http://localhost:6100/pod-strategic.avif → 200 (14ms, 53187B)
[2026-04-11T13:46:23.886Z] GET http://localhost:6100/pod-himo.avif → 200 (14ms, 51701B)
[2026-04-11T13:46:23.886Z] GET http://localhost:6100/pod-storys.avif → 200 (14ms, 100635B)
[2026-04-11T13:46:23.886Z] GET http://localhost:6100/profile.jpg → 200 (15ms, 22069B)
[2026-04-11T13:46:23.886Z] GET http://localhost:6100/kagakawa-hanko.png → 200 (15ms, 3828B)
[2026-04-11T13:46:24.648Z] GET https://fonts.gstatic.com/s/zenoldmincho/v13/tss3ApVaYytLwxTqcxfMyBveyb5LrGld-9ICPRBv.woff2 → 200 (413ms, 16424B)
[2026-04-11T13:46:24.648Z] GET https://fonts.gstatic.com/s/zenoldmincho/v13/tss0ApVaYytLwxTqcxfMyBveybbwiXxw2d8o.woff2 → 200 (420ms, 15864B)
[2026-04-11T13:46:24.649Z] GET https://fonts.gstatic.com/s/zenoldmincho/v13/tss0ApVaYytLwxTqcxfMyBveyYbyg3tS25U8NQgFhWLLyjzaeXpHjUD4ofj2HQM.115.woff2 → 200 (415ms, 14524B)
[2026-04-11T13:46:24.649Z] GET https://fonts.gstatic.com/s/zenoldmincho/v13/tss0ApVaYytLwxTqcxfMyBveyYbyg3tS25U8NQgFhWLLyjzaeXpHjUD4ofj2HQM.95.woff2 → 200 (419ms, 15932B)
[2026-04-11T13:46:24.649Z] GET https://fonts.gstatic.com/s/zenoldmincho/v13/tss0ApVaYytLwxTqcxfMyBveyYbyg3tS25U8NQgFhWLLyjzaeXpHjUD4ofj2HQM.119.woff2 → 200 (419ms, 28032B)
[2026-04-11T13:46:24.649Z] GET https://fonts.gstatic.com/s/zenoldmincho/v13/tss0ApVaYytLwxTqcxfMyBveyYbyg3tS25U8NQgFhWLLyjzaeXpHjUD4ofj2HQM.113.woff2 → 200 (415ms, 14656B)
[2026-04-11T13:46:24.649Z] GET https://fonts.gstatic.com/s/zenoldmincho/v13/tss0ApVaYytLwxTqcxfMyBveyYbyg3tS25U8NQgFhWLLyjzaeXpHjUD4ofj2HQM.116.woff2 → 200 (455ms, 14680B)
[2026-04-11T13:46:24.649Z] GET https://fonts.gstatic.com/s/zenoldmincho/v13/tss0ApVaYytLwxTqcxfMyBveyYbyg3tS25U8NQgFhWLLyjzaeXpHjUD4ofj2HQM.118.woff2 → 200 (452ms, 12324B)
[2026-04-11T13:46:24.649Z] GET https://fonts.gstatic.com/s/zenoldmincho/v13/tss0ApVaYytLwxTqcxfMyBveyYbyg3tS25U8NQgFhWLLyjzaeXpHjUD4ofj2HQM.112.woff2 → 200 (451ms, 15864B)
[2026-04-11T13:46:24.650Z] GET https://fonts.gstatic.com/s/zenoldmincho/v13/tss3ApVaYytLwxTqcxfMyBveyb5LrFlf8dUgP1p77gLAxSnIckBQjXn9sfLjeG9rwq0.100.woff2 → 200 (451ms, 19132B)
[2026-04-11T13:46:24.650Z] GET https://fonts.gstatic.com/s/zenoldmincho/v13/tss3ApVaYytLwxTqcxfMyBveyb5LrFlf8dUgP1p77gLAxSnIckBQjXn9sfLjeG9rwq0.93.woff2 → 200 (450ms, 17076B)
[2026-04-11T13:46:24.650Z] GET https://fonts.gstatic.com/s/zenoldmincho/v13/tss3ApVaYytLwxTqcxfMyBveyb5LrFlf8dUgP1p77gLAxSnIckBQjXn9sfLjeG9rwq0.65.woff2 → 200 (449ms, 21112B)
[2026-04-11T13:46:24.650Z] GET https://fonts.gstatic.com/s/zenoldmincho/v13/tss0ApVaYytLwxTqcxfMyBveyYbyg3tS25U8NQgFhWLLyjzaeXpHjUD4ofj2HQM.117.woff2 → 200 (434ms, 11180B)
[2026-04-11T13:46:24.650Z] GET https://fonts.gstatic.com/s/zenoldmincho/v13/tss0ApVaYytLwxTqcxfMyBveyYbyg3tS25U8NQgFhWLLyjzaeXpHjUD4ofj2HQM.108.woff2 → 200 (428ms, 17272B)
[2026-04-11T13:46:24.650Z] GET https://fonts.gstatic.com/s/zenoldmincho/v13/tss0ApVaYytLwxTqcxfMyBveyYbyg3tS25U8NQgFhWLLyjzaeXpHjUD4ofj2HQM.80.woff2 → 200 (477ms, 16964B)
[2026-04-11T13:46:24.650Z] GET https://fonts.gstatic.com/s/zenoldmincho/v13/tss0ApVaYytLwxTqcxfMyBveyYbyg3tS25U8NQgFhWLLyjzaeXpHjUD4ofj2HQM.109.woff2 → 200 (477ms, 15076B)
[2026-04-11T13:46:24.650Z] GET https://fonts.gstatic.com/s/zenoldmincho/v13/tss0ApVaYytLwxTqcxfMyBveyYbyg3tS25U8NQgFhWLLyjzaeXpHjUD4ofj2HQM.102.woff2 → 200 (476ms, 16332B)
[2026-04-11T13:46:24.650Z] GET https://fonts.gstatic.com/s/zenoldmincho/v13/tss0ApVaYytLwxTqcxfMyBveyYbyg3tS25U8NQgFhWLLyjzaeXpHjUD4ofj2HQM.114.woff2 → 200 (476ms, 13984B)
[2026-04-11T13:46:24.650Z] GET https://fonts.gstatic.com/s/zenoldmincho/v13/tss0ApVaYytLwxTqcxfMyBveyYbyg3tS25U8NQgFhWLLyjzaeXpHjUD4ofj2HQM.90.woff2 → 200 (476ms, 17324B)
[2026-04-11T13:46:24.650Z] GET https://fonts.gstatic.com/s/zenoldmincho/v13/tss0ApVaYytLwxTqcxfMyBveyYbyg3tS25U8NQgFhWLLyjzaeXpHjUD4ofj2HQM.87.woff2 → 200 (471ms, 17724B)
[2026-04-11T13:46:24.650Z] GET https://fonts.gstatic.com/s/zenoldmincho/v13/tss0ApVaYytLwxTqcxfMyBveyYbyg3tS25U8NQgFhWLLyjzaeXpHjUD4ofj2HQM.103.woff2 → 200 (471ms, 16984B)
[2026-04-11T13:46:24.651Z] GET https://fonts.gstatic.com/s/zenoldmincho/v13/tss0ApVaYytLwxTqcxfMyBveyYbyg3tS25U8NQgFhWLLyjzaeXpHjUD4ofj2HQM.111.woff2 → 200 (453ms, 15888B)
[2026-04-11T13:46:24.651Z] GET https://fonts.gstatic.com/s/zenoldmincho/v13/tss0ApVaYytLwxTqcxfMyBveyYbyg3tS25U8NQgFhWLLyjzaeXpHjUD4ofj2HQM.100.woff2 → 200 (478ms, 18476B)
[2026-04-11T13:46:24.651Z] GET https://fonts.gstatic.com/s/zenoldmincho/v13/tss0ApVaYytLwxTqcxfMyBveyYbyg3tS25U8NQgFhWLLyjzaeXpHjUD4ofj2HQM.105.woff2 → 200 (477ms, 17180B)
[2026-04-11T13:46:24.651Z] GET https://fonts.gstatic.com/s/zenoldmincho/v13/tss0ApVaYytLwxTqcxfMyBveyYbyg3tS25U8NQgFhWLLyjzaeXpHjUD4ofj2HQM.72.woff2 → 200 (477ms, 19972B)
[2026-04-11T13:46:24.651Z] GET https://fonts.gstatic.com/s/zenoldmincho/v13/tss0ApVaYytLwxTqcxfMyBveyYbyg3tS25U8NQgFhWLLyjzaeXpHjUD4ofj2HQM.106.woff2 → 200 (477ms, 18452B)
[2026-04-11T13:46:24.651Z] GET https://fonts.gstatic.com/s/zenoldmincho/v13/tss0ApVaYytLwxTqcxfMyBveyYbyg3tS25U8NQgFhWLLyjzaeXpHjUD4ofj2HQM.94.woff2 → 200 (476ms, 17512B)
[2026-04-11T13:46:24.651Z] GET https://fonts.gstatic.com/s/zenoldmincho/v13/tss0ApVaYytLwxTqcxfMyBveyYbyg3tS25U8NQgFhWLLyjzaeXpHjUD4ofj2HQM.104.woff2 → 200 (476ms, 16644B)
[2026-04-11T13:46:24.651Z] GET https://fonts.gstatic.com/s/zenoldmincho/v13/tss0ApVaYytLwxTqcxfMyBveyYbyg3tS25U8NQgFhWLLyjzaeXpHjUD4ofj2HQM.110.woff2 → 200 (476ms, 15356B)
